
------------  Compressing db2inst1.nfy ... - Date: 2024082110 ------------- 

1 - Command db2diag -A completed successufully
2 - Command gzip completed successfully
3 - Script compress_db2diag completed successfully !!!

------------ Compressing db2diag.log ... - Date: 2024082110 ------------- 

1 - Command db2diag -A completed successufully
2 - Command gzip completed successfully
3 - Script compress_db2diag completed successfully !!!

------------  Compressing db2inst1.nfy ... - Date: 2024082110 ------------- 

1 - Command db2diag -A completed successufully
2 - Command gzip completed successfully
3 - Script compress_db2diag completed successfully !!!

------------ Compressing db2diag.log ... - Date: 2024082110 ------------- 

1 - Command db2diag -A completed successufully
2 - Command gzip completed successfully
3 - Script compress_db2diag completed successfully !!!

------------  Compressing db2inst1.nfy ... - Date: 2024082110 ------------- 

1 - Command db2diag -A completed successufully
2 - Command gzip completed successfully
3 - Script compress_db2diag completed successfully !!!

------------ Compressing db2diag.log ... - Date: 2024082110 ------------- 

1 - Command db2diag -A completed successufully
2 - Command gzip completed successfully
3 - Script compress_db2diag completed successfully !!!

------------  Compressing db2inst1.nfy ... - Date: 2024082110 ------------- 

1 - Command db2diag -A completed successufully
2 - Command gzip completed successfully
3 - Script compress_db2diag completed successfully !!!

------------ Compressing db2diag.log ... - Date: 2024082110 ------------- 

1 - Command db2diag -A completed successufully
2 - Command gzip completed successfully
3 - Script compress_db2diag completed successfully !!!
